1000 [main] INFO  r.m.m.task14.Task14Application
                – Starting Task14Application using Java 19 with PID 69496 (C:\Users\maxim\IdeaProjects\MireaJava4SemesterLabs\task14\build\classes\java\main started by maxim in C:\Users\maxim\IdeaProjects\MireaJava4SemesterLabs)
1014 [main] INFO  r.m.m.task14.Task14Application
                – No active profile set, falling back to 1 default profile: "default"
1891 [main] INFO  o.s.d.r.c.RepositoryConfigurationDelegate
                – Bootstrapping Spring Data JPA repositories in DEFAULT mode.
1966 [main] INFO  o.s.d.r.c.RepositoryConfigurationDelegate
                – Finished Spring Data repository scanning in 66 ms. Found 3 JPA repository interfaces.
2823 [main] INFO  o.s.b.w.e.tomcat.TomcatWebServer
                – Tomcat initialized with port 8080 (http)
2837 [main] INFO  o.a.coyote.http11.Http11NioProtocol
                – Initializing ProtocolHandler ["http-nio-8080"]
2839 [main] INFO  o.a.catalina.core.StandardService
                – Starting service [Tomcat]
2839 [main] INFO  o.a.catalina.core.StandardEngine
                – Starting Servlet engine: [Apache Tomcat/10.1.19]
2909 [main] INFO  o.a.c.c.C.[Tomcat].[localhost].[/]
                – Initializing Spring embedded WebApplicationContext
2910 [main] INFO  o.s.b.w.s.c.ServletWebServerApplicationContext
                – Root WebApplicationContext: initialization completed in 1838 ms
3094 [main] INFO  com.zaxxer.hikari.HikariDataSource
                – HikariPool-1 - Starting...
3327 [main] INFO  com.zaxxer.hikari.pool.HikariPool
                – HikariPool-1 - Added connection org.postgresql.jdbc.PgConnection@5170bc02
3328 [main] INFO  com.zaxxer.hikari.HikariDataSource
                – HikariPool-1 - Start completed.
3424 [main] INFO  org.hibernate.Version
                – HHH000412: Hibernate ORM core version 6.5.0.CR1
3509 [main] INFO  o.h.c.i.RegionFactoryInitiator
                – HHH000026: Second-level cache disabled
3785 [main] WARN  org.hibernate.orm.deprecation
                – HHH90000025: PostgreSQLDialect does not need to be specified explicitly using 'hibernate.dialect' (remove the property setting and it will be selected by default)
6429 [main] INFO  o.h.e.t.j.p.i.JtaPlatformInitiator
                – HHH000489: No JTA platform available (set 'hibernate.transaction.jta.platform' to enable JTA platform integration)
7658 [main] INFO  o.s.b.a.w.s.WelcomePageHandlerMapping
                – Adding welcome page template: index
7927 [main] INFO  o.s.s.w.DefaultSecurityFilterChain
                – Will secure any request with [org.springframework.security.web.session.DisableEncodeUrlFilter@27f6e2c3, org.springframework.security.web.session.ForceEagerSessionCreationFilter@3c89fdd8, org.springframework.security.web.context.request.async.WebAsyncManagerIntegrationFilter@665c79a2, org.springframework.security.web.context.SecurityContextHolderFilter@2cbd855e, org.springframework.security.web.header.HeaderWriterFilter@2bc21edd, org.springframework.security.web.authentication.logout.LogoutFilter@4f96e484, org.springframework.security.web.authentication.UsernamePasswordAuthenticationFilter@1fa8a4f7, org.springframework.security.web.authentication.ui.DefaultLoginPageGeneratingFilter@18a538a0, org.springframework.security.web.authentication.ui.DefaultLogoutPageGeneratingFilter@3e79473d, org.springframework.security.web.authentication.www.BasicAuthenticationFilter@53a645a2, org.springframework.security.web.savedrequest.RequestCacheAwareFilter@69b436a7, org.springframework.security.web.servletapi.SecurityContextHolderAwareRequestFilter@5dfd4fac, org.springframework.security.web.authentication.AnonymousAuthenticationFilter@2e895acb, org.springframework.security.web.session.SessionManagementFilter@2862bac6, org.springframework.security.web.access.ExceptionTranslationFilter@56897de0, org.springframework.security.web.access.intercept.AuthorizationFilter@5a983f8a]
8560 [main] INFO  o.a.coyote.http11.Http11NioProtocol
                – Starting ProtocolHandler ["http-nio-8080"]
8586 [main] INFO  o.s.b.w.e.tomcat.TomcatWebServer
                – Tomcat started on port 8080 (http) with context path ''
8606 [main] INFO  r.m.m.task14.Task14Application
                – Started Task14Application in 8.159 seconds (process running for 10.906)
8617 [scheduling-1] INFO  r.m.m.t.s.SaveEntitiesService
                – Start saving entities
8658 [scheduling-1] INFO  r.m.m.t.s.user.HibernateUserService
                – getting all users
9015 [scheduling-1] INFO  r.m.m.task14.aspects.TimeAspect
                – Method getUsers from class HibernateUserService runs 354 ms
9080 [scheduling-1] INFO  r.m.m.t.s.post.HibernatePostService
                – getting all posts
9089 [scheduling-1] INFO  r.m.m.task14.aspects.TimeAspect
                – Method getPosts from class HibernatePostService runs 9 ms
9089 [scheduling-1] INFO  r.m.m.t.s.SaveEntitiesService
                – All entities were successfully saved
26855 [SpringApplicationShutdownHook] INFO  com.zaxxer.hikari.HikariDataSource
                – HikariPool-1 - Shutdown initiated...
26861 [SpringApplicationShutdownHook] INFO  com.zaxxer.hikari.HikariDataSource
                – HikariPool-1 - Shutdown completed.
872  [main] INFO  r.m.m.task14.Task14Application
                – Starting Task14Application using Java 19 with PID 61020 (C:\Users\maxim\IdeaProjects\MireaJava4SemesterLabs\task14\build\classes\java\main started by maxim in C:\Users\maxim\IdeaProjects\MireaJava4SemesterLabs)
875  [main] INFO  r.m.m.task14.Task14Application
                – No active profile set, falling back to 1 default profile: "default"
1774 [main] INFO  o.s.d.r.c.RepositoryConfigurationDelegate
                – Bootstrapping Spring Data JPA repositories in DEFAULT mode.
1849 [main] INFO  o.s.d.r.c.RepositoryConfigurationDelegate
                – Finished Spring Data repository scanning in 64 ms. Found 3 JPA repository interfaces.
2634 [main] INFO  o.s.b.w.e.tomcat.TomcatWebServer
                – Tomcat initialized with port 8080 (http)
2652 [main] INFO  o.a.coyote.http11.Http11NioProtocol
                – Initializing ProtocolHandler ["http-nio-8080"]
2655 [main] INFO  o.a.catalina.core.StandardService
                – Starting service [Tomcat]
2656 [main] INFO  o.a.catalina.core.StandardEngine
                – Starting Servlet engine: [Apache Tomcat/10.1.19]
2738 [main] INFO  o.a.c.c.C.[Tomcat].[localhost].[/]
                – Initializing Spring embedded WebApplicationContext
2739 [main] INFO  o.s.b.w.s.c.ServletWebServerApplicationContext
                – Root WebApplicationContext: initialization completed in 1813 ms
2930 [main] INFO  com.zaxxer.hikari.HikariDataSource
                – HikariPool-1 - Starting...
3128 [main] INFO  com.zaxxer.hikari.pool.HikariPool
                – HikariPool-1 - Added connection org.postgresql.jdbc.PgConnection@7523d5a1
3129 [main] INFO  com.zaxxer.hikari.HikariDataSource
                – HikariPool-1 - Start completed.
3228 [main] INFO  org.hibernate.Version
                – HHH000412: Hibernate ORM core version 6.5.0.CR1
3315 [main] INFO  o.h.c.i.RegionFactoryInitiator
                – HHH000026: Second-level cache disabled
3517 [main] WARN  org.hibernate.orm.deprecation
                – HHH90000025: PostgreSQLDialect does not need to be specified explicitly using 'hibernate.dialect' (remove the property setting and it will be selected by default)
4738 [main] INFO  o.h.e.t.j.p.i.JtaPlatformInitiator
                – HHH000489: No JTA platform available (set 'hibernate.transaction.jta.platform' to enable JTA platform integration)
5458 [main] INFO  o.s.b.a.w.s.WelcomePageHandlerMapping
                – Adding welcome page template: index
5626 [main] INFO  o.s.s.w.DefaultSecurityFilterChain
                – Will secure any request with [org.springframework.security.web.session.DisableEncodeUrlFilter@38241615, org.springframework.security.web.session.ForceEagerSessionCreationFilter@2b3ee95e, org.springframework.security.web.context.request.async.WebAsyncManagerIntegrationFilter@42fc744, org.springframework.security.web.context.SecurityContextHolderFilter@7d43c89f, org.springframework.security.web.header.HeaderWriterFilter@78b29e00, org.springframework.security.web.authentication.logout.LogoutFilter@c2ddfeb, org.springframework.security.web.authentication.UsernamePasswordAuthenticationFilter@5955568, org.springframework.security.web.authentication.ui.DefaultLoginPageGeneratingFilter@b6fea12, org.springframework.security.web.authentication.ui.DefaultLogoutPageGeneratingFilter@3db145f7, org.springframework.security.web.authentication.www.BasicAuthenticationFilter@77350382, org.springframework.security.web.savedrequest.RequestCacheAwareFilter@67201eeb, org.springframework.security.web.servletapi.SecurityContextHolderAwareRequestFilter@2e41b65a, org.springframework.security.web.authentication.AnonymousAuthenticationFilter@25bd68ea, org.springframework.security.web.session.SessionManagementFilter@3b4b2c03, org.springframework.security.web.access.ExceptionTranslationFilter@49d5c751, org.springframework.security.web.access.intercept.AuthorizationFilter@1300112e]
6042 [main] INFO  o.a.coyote.http11.Http11NioProtocol
                – Starting ProtocolHandler ["http-nio-8080"]
6058 [main] INFO  o.s.b.w.e.tomcat.TomcatWebServer
                – Tomcat started on port 8080 (http) with context path ''
6071 [main] INFO  r.m.m.task14.Task14Application
                – Started Task14Application in 5.738 seconds (process running for 6.599)
6076 [scheduling-1] INFO  r.m.m.t.s.SaveEntitiesService
                – Start saving entities
6097 [scheduling-1] INFO  r.m.m.t.s.user.HibernateUserService
                – getting all users
6494 [scheduling-1] INFO  r.m.m.task14.aspects.TimeAspect
                – Method getUsers from class HibernateUserService runs 394 ms
6565 [scheduling-1] INFO  r.m.m.t.s.post.HibernatePostService
                – getting all posts
6576 [scheduling-1] INFO  r.m.m.task14.aspects.TimeAspect
                – Method getPosts from class HibernatePostService runs 11 ms
6576 [scheduling-1] INFO  r.m.m.t.s.SaveEntitiesService
                – All entities were successfully saved
10161 [http-nio-8080-exec-1] INFO  o.a.c.c.C.[Tomcat].[localhost].[/]
                – Initializing Spring DispatcherServlet 'dispatcherServlet'
10161 [http-nio-8080-exec-1] INFO  o.s.web.servlet.DispatcherServlet
                – Initializing Servlet 'dispatcherServlet'
10164 [http-nio-8080-exec-1] INFO  o.s.web.servlet.DispatcherServlet
                – Completed initialization in 3 ms
60520 [http-nio-8080-exec-3] WARN  o.s.w.s.m.s.DefaultHandlerExceptionResolver
                – Resolved [org.springframework.web.HttpRequestMethodNotSupportedException: Request method 'GET' is not supported]
67494 [http-nio-8080-exec-6] WARN  o.s.w.s.m.s.DefaultHandlerExceptionResolver
                – Resolved [org.springframework.web.HttpRequestMethodNotSupportedException: Request method 'GET' is not supported]
81391 [http-nio-8080-exec-8] INFO  r.m.m.task14.aspects.TimeAspect
                – Method signUp from class AuthorizationService runs 164 ms
89657 [http-nio-8080-exec-10] INFO  r.m.m.task14.aspects.TimeAspect
                – Method signUp from class AuthorizationService runs 152 ms
129456 [SpringApplicationShutdownHook] INFO  com.zaxxer.hikari.HikariDataSource
                – HikariPool-1 - Shutdown initiated...
129466 [SpringApplicationShutdownHook] INFO  com.zaxxer.hikari.HikariDataSource
                – HikariPool-1 - Shutdown completed.
538  [main] INFO  r.m.m.task14.Task14Application
                – Starting Task14Application using Java 19 with PID 66872 (C:\Users\maxim\IdeaProjects\MireaJava4SemesterLabs\task14\build\classes\java\main started by maxim in C:\Users\maxim\IdeaProjects\MireaJava4SemesterLabs)
539  [main] INFO  r.m.m.task14.Task14Application
                – No active profile set, falling back to 1 default profile: "default"
1089 [main] INFO  o.s.d.r.c.RepositoryConfigurationDelegate
                – Bootstrapping Spring Data JPA repositories in DEFAULT mode.
1138 [main] INFO  o.s.d.r.c.RepositoryConfigurationDelegate
                – Finished Spring Data repository scanning in 39 ms. Found 3 JPA repository interfaces.
1651 [main] INFO  o.s.b.w.e.tomcat.TomcatWebServer
                – Tomcat initialized with port 8080 (http)
1666 [main] INFO  o.a.coyote.http11.Http11NioProtocol
                – Initializing ProtocolHandler ["http-nio-8080"]
1666 [main] INFO  o.a.catalina.core.StandardService
                – Starting service [Tomcat]
1666 [main] INFO  o.a.catalina.core.StandardEngine
                – Starting Servlet engine: [Apache Tomcat/10.1.19]
1708 [main] INFO  o.a.c.c.C.[Tomcat].[localhost].[/]
                – Initializing Spring embedded WebApplicationContext
1708 [main] INFO  o.s.b.w.s.c.ServletWebServerApplicationContext
                – Root WebApplicationContext: initialization completed in 1134 ms
1831 [main] INFO  com.zaxxer.hikari.HikariDataSource
                – HikariPool-1 - Starting...
1955 [main] INFO  com.zaxxer.hikari.pool.HikariPool
                – HikariPool-1 - Added connection org.postgresql.jdbc.PgConnection@112c2930
1956 [main] INFO  com.zaxxer.hikari.HikariDataSource
                – HikariPool-1 - Start completed.
2015 [main] INFO  org.hibernate.Version
                – HHH000412: Hibernate ORM core version 6.5.0.CR1
2058 [main] INFO  o.h.c.i.RegionFactoryInitiator
                – HHH000026: Second-level cache disabled
2190 [main] WARN  org.hibernate.orm.deprecation
                – HHH90000025: PostgreSQLDialect does not need to be specified explicitly using 'hibernate.dialect' (remove the property setting and it will be selected by default)
3113 [main] INFO  o.h.e.t.j.p.i.JtaPlatformInitiator
                – HHH000489: No JTA platform available (set 'hibernate.transaction.jta.platform' to enable JTA platform integration)
3663 [main] INFO  o.s.b.a.w.s.WelcomePageHandlerMapping
                – Adding welcome page template: index
3804 [main] INFO  o.s.s.w.DefaultSecurityFilterChain
                – Will secure any request with [org.springframework.security.web.session.DisableEncodeUrlFilter@78b29e00, org.springframework.security.web.session.ForceEagerSessionCreationFilter@5c438795, org.springframework.security.web.context.request.async.WebAsyncManagerIntegrationFilter@3b4b2c03, org.springframework.security.web.context.SecurityContextHolderFilter@4b407ac7, org.springframework.security.web.header.HeaderWriterFilter@20ee660b, org.springframework.security.web.authentication.logout.LogoutFilter@36dbfa68, org.springframework.security.web.authentication.www.BasicAuthenticationFilter@259f0fdb, org.springframework.security.web.savedrequest.RequestCacheAwareFilter@5578ed7e, org.springframework.security.web.servletapi.SecurityContextHolderAwareRequestFilter@5dd5422f, org.springframework.security.web.authentication.AnonymousAuthenticationFilter@339b45f8, org.springframework.security.web.session.SessionManagementFilter@154cbb46, org.springframework.security.web.access.ExceptionTranslationFilter@46c093b4, org.springframework.security.web.access.intercept.AuthorizationFilter@7acbd3d0]
4133 [main] INFO  o.a.coyote.http11.Http11NioProtocol
                – Starting ProtocolHandler ["http-nio-8080"]
4146 [main] INFO  o.s.b.w.e.tomcat.TomcatWebServer
                – Tomcat started on port 8080 (http) with context path ''
4162 [main] INFO  r.m.m.task14.Task14Application
                – Started Task14Application in 3.915 seconds (process running for 4.514)
4165 [scheduling-1] INFO  r.m.m.t.s.SaveEntitiesService
                – Start saving entities
4179 [scheduling-1] INFO  r.m.m.t.s.user.HibernateUserService
                – getting all users
4469 [scheduling-1] INFO  r.m.m.task14.aspects.TimeAspect
                – Method getUsers from class HibernateUserService runs 288 ms
4526 [scheduling-1] INFO  r.m.m.t.s.post.HibernatePostService
                – getting all posts
4533 [scheduling-1] INFO  r.m.m.task14.aspects.TimeAspect
                – Method getPosts from class HibernatePostService runs 7 ms
4534 [scheduling-1] INFO  r.m.m.t.s.SaveEntitiesService
                – All entities were successfully saved
12451 [http-nio-8080-exec-1] INFO  o.a.c.c.C.[Tomcat].[localhost].[/]
                – Initializing Spring DispatcherServlet 'dispatcherServlet'
12452 [http-nio-8080-exec-1] INFO  o.s.web.servlet.DispatcherServlet
                – Initializing Servlet 'dispatcherServlet'
12453 [http-nio-8080-exec-1] INFO  o.s.web.servlet.DispatcherServlet
                – Completed initialization in 1 ms
32855 [http-nio-8080-exec-3] WARN  o.s.w.s.m.s.DefaultHandlerExceptionResolver
                – Resolved [org.springframework.web.HttpRequestMethodNotSupportedException: Request method 'GET' is not supported]
38040 [http-nio-8080-exec-4] INFO  r.m.m.task14.aspects.TimeAspect
                – Method signUp from class AuthorizationService runs 323 ms
56142 [SpringApplicationShutdownHook] INFO  com.zaxxer.hikari.HikariDataSource
                – HikariPool-1 - Shutdown initiated...
56146 [SpringApplicationShutdownHook] INFO  com.zaxxer.hikari.HikariDataSource
                – HikariPool-1 - Shutdown completed.
780  [main] INFO  r.m.m.task14.Task14Application
                – Starting Task14Application using Java 19 with PID 66424 (C:\Users\maxim\IdeaProjects\MireaJava4SemesterLabs\task14\build\classes\java\main started by maxim in C:\Users\maxim\IdeaProjects\MireaJava4SemesterLabs)
782  [main] INFO  r.m.m.task14.Task14Application
                – No active profile set, falling back to 1 default profile: "default"
1462 [main] INFO  o.s.d.r.c.RepositoryConfigurationDelegate
                – Bootstrapping Spring Data JPA repositories in DEFAULT mode.
1516 [main] INFO  o.s.d.r.c.RepositoryConfigurationDelegate
                – Finished Spring Data repository scanning in 47 ms. Found 3 JPA repository interfaces.
2135 [main] INFO  o.s.b.w.e.tomcat.TomcatWebServer
                – Tomcat initialized with port 8080 (http)
2146 [main] INFO  o.a.coyote.http11.Http11NioProtocol
                – Initializing ProtocolHandler ["http-nio-8080"]
2147 [main] INFO  o.a.catalina.core.StandardService
                – Starting service [Tomcat]
2147 [main] INFO  o.a.catalina.core.StandardEngine
                – Starting Servlet engine: [Apache Tomcat/10.1.19]
2198 [main] INFO  o.a.c.c.C.[Tomcat].[localhost].[/]
                – Initializing Spring embedded WebApplicationContext
2198 [main] INFO  o.s.b.w.s.c.ServletWebServerApplicationContext
                – Root WebApplicationContext: initialization completed in 1375 ms
2345 [main] INFO  com.zaxxer.hikari.HikariDataSource
                – HikariPool-1 - Starting...
2496 [main] INFO  com.zaxxer.hikari.pool.HikariPool
                – HikariPool-1 - Added connection org.postgresql.jdbc.PgConnection@38de5daf
2497 [main] INFO  com.zaxxer.hikari.HikariDataSource
                – HikariPool-1 - Start completed.
2561 [main] INFO  org.hibernate.Version
                – HHH000412: Hibernate ORM core version 6.5.0.CR1
2617 [main] INFO  o.h.c.i.RegionFactoryInitiator
                – HHH000026: Second-level cache disabled
2774 [main] WARN  org.hibernate.orm.deprecation
                – HHH90000025: PostgreSQLDialect does not need to be specified explicitly using 'hibernate.dialect' (remove the property setting and it will be selected by default)
3788 [main] INFO  o.h.e.t.j.p.i.JtaPlatformInitiator
                – HHH000489: No JTA platform available (set 'hibernate.transaction.jta.platform' to enable JTA platform integration)
4414 [main] INFO  o.s.b.a.w.s.WelcomePageHandlerMapping
                – Adding welcome page template: index
4596 [main] INFO  o.s.s.w.DefaultSecurityFilterChain
                – Will secure any request with [org.springframework.security.web.session.DisableEncodeUrlFilter@b6fea12, org.springframework.security.web.session.ForceEagerSessionCreationFilter@75c095a5, org.springframework.security.web.context.request.async.WebAsyncManagerIntegrationFilter@689fe2a3, org.springframework.security.web.context.SecurityContextHolderFilter@3344c1d7, org.springframework.security.web.header.HeaderWriterFilter@299615a5, org.springframework.security.web.authentication.logout.LogoutFilter@259f0fdb, org.springframework.security.web.authentication.www.BasicAuthenticationFilter@5fb58f15, org.springframework.security.web.savedrequest.RequestCacheAwareFilter@104e6540, org.springframework.security.web.servletapi.SecurityContextHolderAwareRequestFilter@3f9ee527, org.springframework.security.web.authentication.AnonymousAuthenticationFilter@5257123d, org.springframework.security.web.session.SessionManagementFilter@38276668, org.springframework.security.web.access.ExceptionTranslationFilter@154cbb46, org.springframework.security.web.access.intercept.AuthorizationFilter@2eea0775]
5007 [main] INFO  o.a.coyote.http11.Http11NioProtocol
                – Starting ProtocolHandler ["http-nio-8080"]
5022 [main] INFO  o.s.b.w.e.tomcat.TomcatWebServer
                – Tomcat started on port 8080 (http) with context path ''
5033 [main] INFO  r.m.m.task14.Task14Application
                – Started Task14Application in 4.673 seconds (process running for 5.606)
5037 [scheduling-1] INFO  r.m.m.t.s.SaveEntitiesService
                – Start saving entities
5052 [scheduling-1] INFO  r.m.m.t.s.user.HibernateUserService
                – getting all users
5416 [scheduling-1] INFO  r.m.m.task14.aspects.TimeAspect
                – Method getUsers from class HibernateUserService runs 361 ms
5486 [scheduling-1] INFO  r.m.m.t.s.post.HibernatePostService
                – getting all posts
5495 [scheduling-1] INFO  r.m.m.task14.aspects.TimeAspect
                – Method getPosts from class HibernatePostService runs 9 ms
5495 [scheduling-1] INFO  r.m.m.t.s.SaveEntitiesService
                – All entities were successfully saved
10221 [http-nio-8080-exec-1] INFO  o.a.c.c.C.[Tomcat].[localhost].[/]
                – Initializing Spring DispatcherServlet 'dispatcherServlet'
10221 [http-nio-8080-exec-1] INFO  o.s.web.servlet.DispatcherServlet
                – Initializing Servlet 'dispatcherServlet'
10222 [http-nio-8080-exec-1] INFO  o.s.web.servlet.DispatcherServlet
                – Completed initialization in 1 ms
33843 [SpringApplicationShutdownHook] INFO  com.zaxxer.hikari.HikariDataSource
                – HikariPool-1 - Shutdown initiated...
33849 [SpringApplicationShutdownHook] INFO  com.zaxxer.hikari.HikariDataSource
                – HikariPool-1 - Shutdown completed.
543  [main] INFO  r.m.m.task14.Task14Application
                – Starting Task14Application using Java 19 with PID 71748 (C:\Users\maxim\IdeaProjects\MireaJava4SemesterLabs\task14\build\classes\java\main started by maxim in C:\Users\maxim\IdeaProjects\MireaJava4SemesterLabs)
545  [main] INFO  r.m.m.task14.Task14Application
                – No active profile set, falling back to 1 default profile: "default"
1193 [main] INFO  o.s.d.r.c.RepositoryConfigurationDelegate
                – Bootstrapping Spring Data JPA repositories in DEFAULT mode.
1241 [main] INFO  o.s.d.r.c.RepositoryConfigurationDelegate
                – Finished Spring Data repository scanning in 41 ms. Found 3 JPA repository interfaces.
1777 [main] INFO  o.s.b.w.e.tomcat.TomcatWebServer
                – Tomcat initialized with port 8080 (http)
1792 [main] INFO  o.a.coyote.http11.Http11NioProtocol
                – Initializing ProtocolHandler ["http-nio-8080"]
1793 [main] INFO  o.a.catalina.core.StandardService
                – Starting service [Tomcat]
1795 [main] INFO  o.a.catalina.core.StandardEngine
                – Starting Servlet engine: [Apache Tomcat/10.1.19]
1840 [main] INFO  o.a.c.c.C.[Tomcat].[localhost].[/]
                – Initializing Spring embedded WebApplicationContext
1840 [main] INFO  o.s.b.w.s.c.ServletWebServerApplicationContext
                – Root WebApplicationContext: initialization completed in 1264 ms
1967 [main] INFO  com.zaxxer.hikari.HikariDataSource
                – HikariPool-1 - Starting...
2099 [main] INFO  com.zaxxer.hikari.pool.HikariPool
                – HikariPool-1 - Added connection org.postgresql.jdbc.PgConnection@5980fa73
2100 [main] INFO  com.zaxxer.hikari.HikariDataSource
                – HikariPool-1 - Start completed.
2158 [main] INFO  org.hibernate.Version
                – HHH000412: Hibernate ORM core version 6.5.0.CR1
2202 [main] INFO  o.h.c.i.RegionFactoryInitiator
                – HHH000026: Second-level cache disabled
2341 [main] WARN  org.hibernate.orm.deprecation
                – HHH90000025: PostgreSQLDialect does not need to be specified explicitly using 'hibernate.dialect' (remove the property setting and it will be selected by default)
3256 [main] INFO  o.h.e.t.j.p.i.JtaPlatformInitiator
                – HHH000489: No JTA platform available (set 'hibernate.transaction.jta.platform' to enable JTA platform integration)
3825 [main] INFO  o.s.b.a.w.s.WelcomePageHandlerMapping
                – Adding welcome page template: index
3964 [main] INFO  o.s.s.w.DefaultSecurityFilterChain
                – Will secure any request with [org.springframework.security.web.session.DisableEncodeUrlFilter@5257123d, org.springframework.security.web.session.ForceEagerSessionCreationFilter@261c5d1f, org.springframework.security.web.context.request.async.WebAsyncManagerIntegrationFilter@570089c4, org.springframework.security.web.context.SecurityContextHolderFilter@3f9ee527, org.springframework.security.web.header.HeaderWriterFilter@4c5ae26d, org.springframework.security.web.authentication.logout.LogoutFilter@1c2273f6, org.springframework.security.web.authentication.www.BasicAuthenticationFilter@149ef64a, org.springframework.security.web.savedrequest.RequestCacheAwareFilter@58a5b69c, org.springframework.security.web.servletapi.SecurityContextHolderAwareRequestFilter@3b22bcad, org.springframework.security.web.authentication.AnonymousAuthenticationFilter@409df37d, org.springframework.security.web.session.SessionManagementFilter@30d3f583, org.springframework.security.web.access.ExceptionTranslationFilter@3ba6707e, org.springframework.security.web.access.intercept.AuthorizationFilter@b6fea12]
4298 [main] INFO  o.a.coyote.http11.Http11NioProtocol
                – Starting ProtocolHandler ["http-nio-8080"]
4312 [main] INFO  o.s.b.w.e.tomcat.TomcatWebServer
                – Tomcat started on port 8080 (http) with context path ''
4324 [main] INFO  r.m.m.task14.Task14Application
                – Started Task14Application in 4.077 seconds (process running for 4.669)
4328 [scheduling-1] INFO  r.m.m.t.s.SaveEntitiesService
                – Start saving entities
4340 [scheduling-1] INFO  r.m.m.t.s.user.HibernateUserService
                – getting all users
4579 [scheduling-1] INFO  r.m.m.task14.aspects.TimeAspect
                – Method getUsers from class HibernateUserService runs 237 ms
4645 [scheduling-1] INFO  r.m.m.t.s.post.HibernatePostService
                – getting all posts
4652 [scheduling-1] INFO  r.m.m.task14.aspects.TimeAspect
                – Method getPosts from class HibernatePostService runs 7 ms
4653 [scheduling-1] INFO  r.m.m.t.s.SaveEntitiesService
                – All entities were successfully saved
42860 [http-nio-8080-exec-1] INFO  o.a.c.c.C.[Tomcat].[localhost].[/]
                – Initializing Spring DispatcherServlet 'dispatcherServlet'
42860 [http-nio-8080-exec-1] INFO  o.s.web.servlet.DispatcherServlet
                – Initializing Servlet 'dispatcherServlet'
42861 [http-nio-8080-exec-1] INFO  o.s.web.servlet.DispatcherServlet
                – Completed initialization in 1 ms
62942 [http-nio-8080-exec-10] INFO  r.m.m.task14.aspects.TimeAspect
                – Method signUp from class AuthorizationService runs 220 ms
77985 [SpringApplicationShutdownHook] INFO  com.zaxxer.hikari.HikariDataSource
                – HikariPool-1 - Shutdown initiated...
77994 [SpringApplicationShutdownHook] INFO  com.zaxxer.hikari.HikariDataSource
                – HikariPool-1 - Shutdown completed.
536  [main] INFO  r.m.m.task14.Task14Application
                – Starting Task14Application using Java 19 with PID 72016 (C:\Users\maxim\IdeaProjects\MireaJava4SemesterLabs\task14\build\classes\java\main started by maxim in C:\Users\maxim\IdeaProjects\MireaJava4SemesterLabs)
538  [main] INFO  r.m.m.task14.Task14Application
                – No active profile set, falling back to 1 default profile: "default"
1077 [main] INFO  o.s.d.r.c.RepositoryConfigurationDelegate
                – Bootstrapping Spring Data JPA repositories in DEFAULT mode.
1125 [main] INFO  o.s.d.r.c.RepositoryConfigurationDelegate
                – Finished Spring Data repository scanning in 40 ms. Found 3 JPA repository interfaces.
1626 [main] INFO  o.s.b.w.e.tomcat.TomcatWebServer
                – Tomcat initialized with port 8080 (http)
1634 [main] INFO  o.a.coyote.http11.Http11NioProtocol
                – Initializing ProtocolHandler ["http-nio-8080"]
1635 [main] INFO  o.a.catalina.core.StandardService
                – Starting service [Tomcat]
1635 [main] INFO  o.a.catalina.core.StandardEngine
                – Starting Servlet engine: [Apache Tomcat/10.1.19]
1680 [main] INFO  o.a.c.c.C.[Tomcat].[localhost].[/]
                – Initializing Spring embedded WebApplicationContext
1680 [main] INFO  o.s.b.w.s.c.ServletWebServerApplicationContext
                – Root WebApplicationContext: initialization completed in 1112 ms
1803 [main] INFO  com.zaxxer.hikari.HikariDataSource
                – HikariPool-1 - Starting...
1933 [main] INFO  com.zaxxer.hikari.pool.HikariPool
                – HikariPool-1 - Added connection org.postgresql.jdbc.PgConnection@1f758e4f
1934 [main] INFO  com.zaxxer.hikari.HikariDataSource
                – HikariPool-1 - Start completed.
1992 [main] INFO  org.hibernate.Version
                – HHH000412: Hibernate ORM core version 6.5.0.CR1
2032 [main] INFO  o.h.c.i.RegionFactoryInitiator
                – HHH000026: Second-level cache disabled
2163 [main] WARN  org.hibernate.orm.deprecation
                – HHH90000025: PostgreSQLDialect does not need to be specified explicitly using 'hibernate.dialect' (remove the property setting and it will be selected by default)
3069 [main] INFO  o.h.e.t.j.p.i.JtaPlatformInitiator
                – HHH000489: No JTA platform available (set 'hibernate.transaction.jta.platform' to enable JTA platform integration)
3645 [main] INFO  o.s.b.a.w.s.WelcomePageHandlerMapping
                – Adding welcome page template: index
3787 [main] INFO  o.s.s.w.DefaultSecurityFilterChain
                – Will secure any request with [org.springframework.security.web.session.DisableEncodeUrlFilter@339b45f8, org.springframework.security.web.session.ForceEagerSessionCreationFilter@5fb58f15, org.springframework.security.web.context.request.async.WebAsyncManagerIntegrationFilter@1f8ac459, org.springframework.security.web.context.SecurityContextHolderFilter@5dd5422f, org.springframework.security.web.header.HeaderWriterFilter@4d86f330, org.springframework.security.web.authentication.logout.LogoutFilter@66d766b9, org.springframework.security.web.authentication.www.BasicAuthenticationFilter@1c2273f6, org.springframework.security.web.savedrequest.RequestCacheAwareFilter@e594c46, org.springframework.security.web.servletapi.SecurityContextHolderAwareRequestFilter@1cd853ee, org.springframework.security.web.authentication.AnonymousAuthenticationFilter@7d43c89f, org.springframework.security.web.session.SessionManagementFilter@3ba6707e, org.springframework.security.web.access.ExceptionTranslationFilter@40e41f88, org.springframework.security.web.access.intercept.AuthorizationFilter@78b29e00]
4116 [main] INFO  o.a.coyote.http11.Http11NioProtocol
                – Starting ProtocolHandler ["http-nio-8080"]
4138 [main] INFO  o.s.b.w.e.tomcat.TomcatWebServer
                – Tomcat started on port 8080 (http) with context path ''
4147 [main] INFO  r.m.m.task14.Task14Application
                – Started Task14Application in 3.909 seconds (process running for 4.526)
4152 [scheduling-1] INFO  r.m.m.t.s.SaveEntitiesService
                – Start saving entities
4164 [scheduling-1] INFO  r.m.m.t.s.user.HibernateUserService
                – getting all users
4205 [http-nio-8080-exec-1] INFO  o.a.c.c.C.[Tomcat].[localhost].[/]
                – Initializing Spring DispatcherServlet 'dispatcherServlet'
4205 [http-nio-8080-exec-1] INFO  o.s.web.servlet.DispatcherServlet
                – Initializing Servlet 'dispatcherServlet'
4206 [http-nio-8080-exec-1] INFO  o.s.web.servlet.DispatcherServlet
                – Completed initialization in 1 ms
4497 [scheduling-1] INFO  r.m.m.task14.aspects.TimeAspect
                – Method getUsers from class HibernateUserService runs 330 ms
4557 [scheduling-1] INFO  r.m.m.t.s.post.HibernatePostService
                – getting all posts
4564 [scheduling-1] INFO  r.m.m.task14.aspects.TimeAspect
                – Method getPosts from class HibernatePostService runs 7 ms
4564 [scheduling-1] INFO  r.m.m.t.s.SaveEntitiesService
                – All entities were successfully saved
37226 [http-nio-8080-exec-8] INFO  r.m.m.task14.aspects.TimeAspect
                – Method loadUserByUsername from class DefaultUserDetailService runs 77 ms
59831 [http-nio-8080-exec-3] INFO  r.m.m.t.s.post.HibernatePostService
                – getting all posts
59834 [http-nio-8080-exec-3] INFO  r.m.m.task14.aspects.TimeAspect
                – Method getPosts from class HibernatePostService runs 3 ms
67054 [SpringApplicationShutdownHook] INFO  com.zaxxer.hikari.HikariDataSource
                – HikariPool-1 - Shutdown initiated...
67061 [SpringApplicationShutdownHook] INFO  com.zaxxer.hikari.HikariDataSource
                – HikariPool-1 - Shutdown completed.
593  [main] INFO  r.m.m.task14.Task14Application
                – Starting Task14Application using Java 19 with PID 19820 (C:\Users\maxim\IdeaProjects\MireaJava4SemesterLabs\task14\build\classes\java\main started by maxim in C:\Users\maxim\IdeaProjects\MireaJava4SemesterLabs)
594  [main] INFO  r.m.m.task14.Task14Application
                – No active profile set, falling back to 1 default profile: "default"
1189 [main] INFO  o.s.d.r.c.RepositoryConfigurationDelegate
                – Bootstrapping Spring Data JPA repositories in DEFAULT mode.
1238 [main] INFO  o.s.d.r.c.RepositoryConfigurationDelegate
                – Finished Spring Data repository scanning in 44 ms. Found 3 JPA repository interfaces.
1791 [main] INFO  o.s.b.w.e.tomcat.TomcatWebServer
                – Tomcat initialized with port 8080 (http)
1799 [main] INFO  o.a.coyote.http11.Http11NioProtocol
                – Initializing ProtocolHandler ["http-nio-8080"]
1800 [main] INFO  o.a.catalina.core.StandardService
                – Starting service [Tomcat]
1800 [main] INFO  o.a.catalina.core.StandardEngine
                – Starting Servlet engine: [Apache Tomcat/10.1.19]
1847 [main] INFO  o.a.c.c.C.[Tomcat].[localhost].[/]
                – Initializing Spring embedded WebApplicationContext
1847 [main] INFO  o.s.b.w.s.c.ServletWebServerApplicationContext
                – Root WebApplicationContext: initialization completed in 1220 ms
1982 [main] INFO  com.zaxxer.hikari.HikariDataSource
                – HikariPool-1 - Starting...
2114 [main] INFO  com.zaxxer.hikari.pool.HikariPool
                – HikariPool-1 - Added connection org.postgresql.jdbc.PgConnection@13ca16bf
2115 [main] INFO  com.zaxxer.hikari.HikariDataSource
                – HikariPool-1 - Start completed.
2216 [main] INFO  org.hibernate.Version
                – HHH000412: Hibernate ORM core version 6.5.0.CR1
2273 [main] INFO  o.h.c.i.RegionFactoryInitiator
                – HHH000026: Second-level cache disabled
2420 [main] WARN  org.hibernate.orm.deprecation
                – HHH90000025: PostgreSQLDialect does not need to be specified explicitly using 'hibernate.dialect' (remove the property setting and it will be selected by default)
3545 [main] INFO  o.h.e.t.j.p.i.JtaPlatformInitiator
                – HHH000489: No JTA platform available (set 'hibernate.transaction.jta.platform' to enable JTA platform integration)
4237 [main] INFO  o.s.b.a.w.s.WelcomePageHandlerMapping
                – Adding welcome page template: index
4413 [main] INFO  o.s.s.w.DefaultSecurityFilterChain
                – Will secure any request with [org.springframework.security.web.session.DisableEncodeUrlFilter@570089c4, org.springframework.security.web.session.ForceEagerSessionCreationFilter@409df37d, org.springframework.security.web.context.request.async.WebAsyncManagerIntegrationFilter@2ab1c7a9, org.springframework.security.web.context.SecurityContextHolderFilter@58a5b69c, org.springframework.security.web.header.HeaderWriterFilter@5dd5422f, org.springframework.security.web.authentication.logout.LogoutFilter@4e58eda2, org.springframework.security.web.authentication.www.BasicAuthenticationFilter@2e41b65a, org.springframework.security.web.savedrequest.RequestCacheAwareFilter@735dc133, org.springframework.security.web.servletapi.SecurityContextHolderAwareRequestFilter@57330423, org.springframework.security.web.authentication.AnonymousAuthenticationFilter@6e818345, org.springframework.security.web.session.SessionManagementFilter@73b034ca, org.springframework.security.web.access.ExceptionTranslationFilter@4c5ae26d, org.springframework.security.web.access.intercept.AuthorizationFilter@689fe2a3]
4798 [main] INFO  o.a.coyote.http11.Http11NioProtocol
                – Starting ProtocolHandler ["http-nio-8080"]
4813 [main] INFO  o.s.b.w.e.tomcat.TomcatWebServer
                – Tomcat started on port 8080 (http) with context path ''
4824 [main] INFO  r.m.m.task14.Task14Application
                – Started Task14Application in 4.56 seconds (process running for 5.229)
4828 [scheduling-1] INFO  r.m.m.t.s.SaveEntitiesService
                – Start saving entities
4841 [scheduling-1] INFO  r.m.m.t.s.user.HibernateUserService
                – getting all users
5056 [scheduling-1] INFO  r.m.m.task14.aspects.TimeAspect
                – Method getUsers from class HibernateUserService runs 213 ms
5107 [scheduling-1] INFO  r.m.m.t.s.post.HibernatePostService
                – getting all posts
5115 [scheduling-1] INFO  r.m.m.task14.aspects.TimeAspect
                – Method getPosts from class HibernatePostService runs 8 ms
5115 [scheduling-1] INFO  r.m.m.t.s.SaveEntitiesService
                – All entities were successfully saved
14699 [http-nio-8080-exec-2] INFO  o.a.c.c.C.[Tomcat].[localhost].[/]
                – Initializing Spring DispatcherServlet 'dispatcherServlet'
14699 [http-nio-8080-exec-2] INFO  o.s.web.servlet.DispatcherServlet
                – Initializing Servlet 'dispatcherServlet'
14700 [http-nio-8080-exec-2] INFO  o.s.web.servlet.DispatcherServlet
                – Completed initialization in 1 ms
15005 [http-nio-8080-exec-2] INFO  r.m.m.task14.aspects.TimeAspect
                – Method loadUserByUsername from class DefaultUserDetailService runs 79 ms
44497 [http-nio-8080-exec-9] INFO  r.m.m.task14.aspects.TimeAspect
                – Method loadUserByUsername from class DefaultUserDetailService runs 9 ms
50908 [http-nio-8080-exec-6] INFO  r.m.m.t.s.user.HibernateUserService
                – getting all users
50911 [http-nio-8080-exec-6] INFO  r.m.m.task14.aspects.TimeAspect
                – Method getUsers from class HibernateUserService runs 3 ms
65721 [http-nio-8080-exec-10] INFO  r.m.m.task14.aspects.TimeAspect
                – Method loadUserByUsername from class DefaultUserDetailService runs 8 ms
65838 [http-nio-8080-exec-10] INFO  r.m.m.t.s.user.HibernateUserService
                – getting all users
65841 [http-nio-8080-exec-10] INFO  r.m.m.task14.aspects.TimeAspect
                – Method getUsers from class HibernateUserService runs 3 ms
286105 [http-nio-8080-exec-6] INFO  r.m.m.task14.aspects.TimeAspect
                – Method loadUserByUsername from class DefaultUserDetailService runs 7 ms
292039 [http-nio-8080-exec-3] INFO  r.m.m.t.s.user.HibernateUserService
                – getting all users
292042 [http-nio-8080-exec-3] INFO  r.m.m.task14.aspects.TimeAspect
                – Method getUsers from class HibernateUserService runs 3 ms
317605 [SpringApplicationShutdownHook] INFO  com.zaxxer.hikari.HikariDataSource
                – HikariPool-1 - Shutdown initiated...
317608 [SpringApplicationShutdownHook] INFO  com.zaxxer.hikari.HikariDataSource
                – HikariPool-1 - Shutdown completed.
619  [main] INFO  r.m.m.task14.Task14Application
                – Starting Task14Application using Java 19 with PID 43872 (C:\Users\maxim\IdeaProjects\MireaJava4SemesterLabs\task14\build\classes\java\main started by maxim in C:\Users\maxim\IdeaProjects\MireaJava4SemesterLabs)
621  [main] INFO  r.m.m.task14.Task14Application
                – No active profile set, falling back to 1 default profile: "default"
1352 [main] INFO  o.s.d.r.c.RepositoryConfigurationDelegate
                – Bootstrapping Spring Data JPA repositories in DEFAULT mode.
1418 [main] INFO  o.s.d.r.c.RepositoryConfigurationDelegate
                – Finished Spring Data repository scanning in 58 ms. Found 3 JPA repository interfaces.
2150 [main] INFO  o.s.b.w.e.tomcat.TomcatWebServer
                – Tomcat initialized with port 8080 (http)
2164 [main] INFO  o.a.coyote.http11.Http11NioProtocol
                – Initializing ProtocolHandler ["http-nio-8080"]
2167 [main] INFO  o.a.catalina.core.StandardService
                – Starting service [Tomcat]
2167 [main] INFO  o.a.catalina.core.StandardEngine
                – Starting Servlet engine: [Apache Tomcat/10.1.19]
2238 [main] INFO  o.a.c.c.C.[Tomcat].[localhost].[/]
                – Initializing Spring embedded WebApplicationContext
2239 [main] INFO  o.s.b.w.s.c.ServletWebServerApplicationContext
                – Root WebApplicationContext: initialization completed in 1584 ms
2614 [main] INFO  com.zaxxer.hikari.HikariDataSource
                – HikariPool-1 - Starting...
3007 [main] INFO  com.zaxxer.hikari.pool.HikariPool
                – HikariPool-1 - Added connection org.postgresql.jdbc.PgConnection@5be4be74
3012 [main] INFO  com.zaxxer.hikari.HikariDataSource
                – HikariPool-1 - Start completed.
3340 [main] INFO  org.hibernate.Version
                – HHH000412: Hibernate ORM core version 6.5.0.CR1
3571 [main] INFO  o.h.c.i.RegionFactoryInitiator
                – HHH000026: Second-level cache disabled
4261 [main] WARN  org.hibernate.orm.deprecation
                – HHH90000025: PostgreSQLDialect does not need to be specified explicitly using 'hibernate.dialect' (remove the property setting and it will be selected by default)
6202 [main] INFO  o.h.e.t.j.p.i.JtaPlatformInitiator
                – HHH000489: No JTA platform available (set 'hibernate.transaction.jta.platform' to enable JTA platform integration)
6876 [main] INFO  o.s.b.a.w.s.WelcomePageHandlerMapping
                – Adding welcome page template: index
7093 [main] INFO  o.s.s.w.DefaultSecurityFilterChain
                – Will secure any request with [org.springframework.security.web.session.DisableEncodeUrlFilter@689fe2a3, org.springframework.security.web.session.ForceEagerSessionCreationFilter@5257123d, org.springframework.security.web.context.request.async.WebAsyncManagerIntegrationFilter@261c5d1f, org.springframework.security.web.context.SecurityContextHolderFilter@104e6540, org.springframework.security.web.header.HeaderWriterFilter@4b407ac7, org.springframework.security.web.authentication.logout.LogoutFilter@36f1bd7e, org.springframework.security.web.authentication.www.BasicAuthenticationFilter@7d43c89f, org.springframework.security.web.savedrequest.RequestCacheAwareFilter@2a41d17a, org.springframework.security.web.servletapi.SecurityContextHolderAwareRequestFilter@58a5b69c, org.springframework.security.web.authentication.AnonymousAuthenticationFilter@570089c4, org.springframework.security.web.session.SessionManagementFilter@2688b2be, org.springframework.security.web.access.ExceptionTranslationFilter@299615a5, org.springframework.security.web.access.intercept.AuthorizationFilter@6a0a0f12]
7699 [main] INFO  o.a.coyote.http11.Http11NioProtocol
                – Starting ProtocolHandler ["http-nio-8080"]
7732 [main] INFO  o.s.b.w.e.tomcat.TomcatWebServer
                – Tomcat started on port 8080 (http) with context path ''
7755 [main] INFO  r.m.m.task14.Task14Application
                – Started Task14Application in 7.471 seconds (process running for 8.244)
7764 [scheduling-1] INFO  r.m.m.t.s.SaveEntitiesService
                – Start saving entities
7794 [scheduling-1] INFO  r.m.m.t.s.user.HibernateUserService
                – getting all users
8225 [scheduling-1] INFO  r.m.m.task14.aspects.TimeAspect
                – Method getUsers from class HibernateUserService runs 428 ms
8326 [scheduling-1] INFO  r.m.m.t.s.post.HibernatePostService
                – getting all posts
8340 [scheduling-1] INFO  r.m.m.task14.aspects.TimeAspect
                – Method getPosts from class HibernatePostService runs 14 ms
8341 [scheduling-1] INFO  r.m.m.t.s.SaveEntitiesService
                – All entities were successfully saved
17775 [http-nio-8080-exec-2] INFO  o.a.c.c.C.[Tomcat].[localhost].[/]
                – Initializing Spring DispatcherServlet 'dispatcherServlet'
17775 [http-nio-8080-exec-2] INFO  o.s.web.servlet.DispatcherServlet
                – Initializing Servlet 'dispatcherServlet'
17777 [http-nio-8080-exec-2] INFO  o.s.web.servlet.DispatcherServlet
                – Completed initialization in 1 ms
24716 [http-nio-8080-exec-1] INFO  r.m.m.task14.aspects.TimeAspect
                – Method loadUserByUsername from class DefaultUserDetailService runs 79 ms
28944 [http-nio-8080-exec-5] INFO  r.m.m.t.s.user.HibernateUserService
                – getting all users
28948 [http-nio-8080-exec-5] INFO  r.m.m.task14.aspects.TimeAspect
                – Method getUsers from class HibernateUserService runs 4 ms
41632 [SpringApplicationShutdownHook] INFO  com.zaxxer.hikari.HikariDataSource
                – HikariPool-1 - Shutdown initiated...
41636 [SpringApplicationShutdownHook] INFO  com.zaxxer.hikari.HikariDataSource
                – HikariPool-1 - Shutdown completed.
